<?xml version="1.0" encoding="UTF-8"?>
<testng-results skipped="0" failed="0" total="1" passed="1">
  <reporter-output>
  </reporter-output>
  <suite name="Default suite" duration-ms="19992" started-at="2019-08-02T05:17:21Z" finished-at="2019-08-02T05:17:41Z">
    <groups>
    </groups>
    <test name="Default test" duration-ms="19992" started-at="2019-08-02T05:17:21Z" finished-at="2019-08-02T05:17:41Z">
      <class name="SeleniumDemo.Robotclassdemo">
        <test-method status="PASS" signature="beforeTest()[pri:0, instance:SeleniumDemo.Robotclassdemo@16c0663d]" name="beforeTest" is-config="true" duration-ms="20" started-at="2019-08-02T10:47:21Z" finished-at="2019-08-02T10:47:21Z">
          <reporter-output>
          </reporter-output>
        </test-method> <!-- beforeTest -->
        <test-method status="PASS" signature="f()[pri:0, instance:SeleniumDemo.Robotclassdemo@16c0663d]" name="f" duration-ms="19951" started-at="2019-08-02T10:47:21Z" finished-at="2019-08-02T10:47:41Z">
          <reporter-output>
          </reporter-output>
        </test-method> <!-- f -->
      </class> <!-- SeleniumDemo.Robotclassdemo -->
    </test> <!-- Default test -->
  </suite> <!-- Default suite -->
</testng-results>
